<?xml version="1.0" encoding="UTF-8"?>
<!-- Generated by org.testng.reporters.JUnitReportReporter -->
<testsuite hostname="AmitSharma-PC" name="testCases.SelectAppTestCase" tests="1" failures="0" timestamp="10 Aug 2016 13:59:07 GMT" time="27.622" errors="0">
  <testcase name="audienceBuilder" time="27.622" classname="testCases.SelectAppTestCase"/>
</testsuite> <!-- testCases.SelectAppTestCase -->
