<?xml version="1.0" encoding="UTF-8"?>
<!-- Generated by org.testng.reporters.JUnitReportReporter -->
<testsuite hostname="AmitSharma-PC" name="testCases.LoginTestCase" tests="1" failures="0" timestamp="10 Aug 2016 13:59:07 GMT" time="16.715" errors="0">
  <testcase name="loginMet" time="16.715" classname="testCases.LoginTestCase"/>
</testsuite> <!-- testCases.LoginTestCase -->
