<?xml version="1.0" encoding="UTF-8"?>
<!-- Generated by org.testng.reporters.JUnitReportReporter -->
<testsuite hostname="AmitSharma-PC" name="testCases.LoginTestCase2" tests="4" failures="0" timestamp="10 Aug 2016 13:59:07 GMT" time="75.555" errors="0">
  <testcase name="loginMet" time="20.884" classname="testCases.LoginTestCase2"/>
  <testcase name="loginMet" time="18.419" classname="testCases.LoginTestCase2"/>
  <testcase name="loginMet" time="20.979" classname="testCases.LoginTestCase2"/>
  <testcase name="loginMet" time="15.273" classname="testCases.LoginTestCase2"/>
</testsuite> <!-- testCases.LoginTestCase2 -->
