<?xml version="1.0" encoding="UTF-8"?>
<!-- Generated by org.testng.reporters.JUnitReportReporter -->
<testsuite hostname="AmitSharma-PC" name="testCases.DataSourceTestcase" tests="1" failures="0" timestamp="10 Aug 2016 13:59:07 GMT" time="55.033" errors="0">
  <testcase name="clicksynchrinized" time="55.033" classname="testCases.DataSourceTestcase"/>
</testsuite> <!-- testCases.DataSourceTestcase -->
