<?xml version="1.0" encoding="UTF-8"?>
<!-- Generated by org.testng.reporters.JUnitReportReporter -->
<testsuite hostname="AmitSharma-PC" name="testCases.EntityActivityTestcase" tests="1" failures="0" timestamp="10 Aug 2016 13:59:07 GMT" time="56.063" errors="0">
  <testcase name="entityActivitymet" time="56.063" classname="testCases.EntityActivityTestcase"/>
</testsuite> <!-- testCases.EntityActivityTestcase -->
