<?xml version="1.0" encoding="UTF-8"?>
<!-- Generated by org.testng.reporters.JUnitReportReporter -->
<testsuite hostname="AmitSharma-PC" name="testCases.ContactBuilderTestCase" tests="1" failures="0" timestamp="10 Aug 2016 13:59:07 GMT" time="42.067" errors="0">
  <testcase name="contactBuildermet" time="42.067" classname="testCases.ContactBuilderTestCase"/>
</testsuite> <!-- testCases.ContactBuilderTestCase -->
