<?xml version="1.0" encoding="UTF-8"?>
<!-- Generated by org.testng.reporters.JUnitReportReporter -->
<testsuite hostname="AmitSharma-PC" name="testCases.SyncCASETestCase" tests="1" failures="0" timestamp="10 Aug 2016 13:59:07 GMT" time="134.079" errors="0">
  <testcase name="synxAdditionalNumbermet" time="134.079" classname="testCases.SyncCASETestCase"/>
</testsuite> <!-- testCases.SyncCASETestCase -->
