<?xml version="1.0" encoding="UTF-8"?>
<!-- Generated by org.testng.reporters.JUnitReportReporter -->
<testsuite hostname="AmitSharma-PC" name="testCases.SynchronizedTabTestcase" tests="1" failures="0" timestamp="10 Aug 2016 13:59:07 GMT" time="114.029" errors="0">
  <testcase name="clickonentityArea" time="114.029" classname="testCases.SynchronizedTabTestcase"/>
</testsuite> <!-- testCases.SynchronizedTabTestcase -->
